<?xml version="1.0" encoding="UTF-8"?>
<!-- Generated by org.testng.reporters.JUnitXMLReporter -->
<testsuite hostname="ip-172-31-85-137" ignored="4" name="Test" tests="5" failures="0" timestamp="25 Dec 2021 08:10:58 GMT" time="2.935" errors="0">
  <testcase name="singup" time="0.737" classname="test.SignUpTest"/>
  <testcase name="login" time="0.282" classname="test.LoginTest"/>
  <testcase name="AddProduct" time="0.538" classname="test.AddProductTest"/>
  <testcase name="checkout" time="0.241" classname="test.CheckOutTest"/>
  <testcase name="payment" time="0.197" classname="test.PaymentTest"/>
  <testcase name="@BeforeTest setUp" time="0.0" classname="test.BaseClass">
    <ignored/>
  </testcase> <!-- @BeforeTest setUp -->
  <testcase name="@BeforeTest setUp" time="0.0" classname="test.BaseClass">
    <ignored/>
  </testcase> <!-- @BeforeTest setUp -->
  <testcase name="@AfterTest teardown" time="0.0" classname="test.BaseClass">
    <ignored/>
  </testcase> <!-- @AfterTest teardown -->
  <testcase name="@AfterTest teardown" time="0.0" classname="test.BaseClass">
    <ignored/>
  </testcase> <!-- @AfterTest teardown -->
</testsuite> <!-- Test -->
