<?xml version="1.0" encoding="UTF-8"?>
<testng-results skipped="0" failed="0" ignored="4" total="9" passed="5">
  <reporter-output>
  </reporter-output>
  <suite name="Suite" duration-ms="2935" started-at="2021-12-25T08:10:56Z" finished-at="2021-12-25T08:10:58Z">
    <groups>
    </groups>
    <test name="Test" duration-ms="2935" started-at="2021-12-25T08:10:56Z" finished-at="2021-12-25T08:10:58Z">
      <class name="test.PaymentTest">
        <test-method status="PASS" signature="payment()[pri:0, instance:test.PaymentTest@cb0ed20]" name="payment" duration-ms="197" started-at="2021-12-25T08:10:58Z" finished-at="2021-12-25T08:10:58Z">
          <reporter-output>
          </reporter-output>
        </test-method> <!-- payment -->
      </class> <!-- test.PaymentTest -->
      <class name="test.SignUpTest">
        <test-method status="PASS" signature="setUp()[pri:0, instance:test.SignUpTest@64f6106c]" name="setUp" is-config="true" duration-ms="920" started-at="2021-12-25T08:10:56Z" finished-at="2021-12-25T08:10:56Z">
          <reporter-output>
          </reporter-output>
        </test-method> <!-- setUp -->
        <test-method status="PASS" signature="singup(java.lang.String, java.lang.String, java.lang.String, java.lang.String, java.lang.String, java.lang.String, java.lang.String)[pri:0, instance:test.SignUpTest@64f6106c]" name="singup" duration-ms="737" started-at="2021-12-25T08:10:56Z" finished-at="2021-12-25T08:10:57Z">
          <params>
            <param index="0">
              <value>
                <![CDATA[abgavali123@gmail.com]]>
              </value>
            </param>
            <param index="1">
              <value>
                <![CDATA[Pqrs@1234]]>
              </value>
            </param>
            <param index="2">
              <value>
                <![CDATA[Pqrs@1234]]>
              </value>
            </param>
            <param index="3">
              <value>
                <![CDATA[Abhishek]]>
              </value>
            </param>
            <param index="4">
              <value>
                <![CDATA[Gavali]]>
              </value>
            </param>
            <param index="5">
              <value>
                <![CDATA[24]]>
              </value>
            </param>
            <param index="6">
              <value>
                <![CDATA[Ichalkaranji]]>
              </value>
            </param>
          </params>
          <reporter-output>
          </reporter-output>
        </test-method> <!-- singup -->
        <test-method status="PASS" signature="teardown()[pri:0, instance:test.SignUpTest@64f6106c]" name="teardown" is-config="true" duration-ms="0" started-at="2021-12-25T08:10:58Z" finished-at="2021-12-25T08:10:58Z">
          <reporter-output>
          </reporter-output>
        </test-method> <!-- teardown -->
      </class> <!-- test.SignUpTest -->
      <class name="test.LoginTest">
        <test-method status="PASS" signature="login(java.lang.String, java.lang.String)[pri:0, instance:test.LoginTest@553a3d88]" name="login" duration-ms="282" started-at="2021-12-25T08:10:57Z" finished-at="2021-12-25T08:10:57Z">
          <params>
            <param index="0">
              <value>
                <![CDATA[abgavali123@gmail.com]]>
              </value>
            </param>
            <param index="1">
              <value>
                <![CDATA[Pqrs@1234]]>
              </value>
            </param>
          </params>
          <reporter-output>
          </reporter-output>
        </test-method> <!-- login -->
      </class> <!-- test.LoginTest -->
      <class name="test.AddProductTest">
        <test-method status="PASS" signature="AddProduct()[pri:0, instance:test.AddProductTest@7a30d1e6]" name="AddProduct" duration-ms="538" started-at="2021-12-25T08:10:57Z" finished-at="2021-12-25T08:10:58Z">
          <reporter-output>
          </reporter-output>
        </test-method> <!-- AddProduct -->
      </class> <!-- test.AddProductTest -->
      <class name="test.CheckOutTest">
        <test-method status="PASS" signature="checkout()[pri:0, instance:test.CheckOutTest@5891e32e]" name="checkout" duration-ms="241" started-at="2021-12-25T08:10:58Z" finished-at="2021-12-25T08:10:58Z">
          <reporter-output>
          </reporter-output>
        </test-method> <!-- checkout -->
      </class> <!-- test.CheckOutTest -->
    </test> <!-- Test -->
  </suite> <!-- Suite -->
</testng-results>
